<?xml version="1.0" encoding="UTF-8"?>
<testng-results skipped="0" failed="0" ignored="0" total="1" passed="1">
  <reporter-output>
  </reporter-output>
  <suite name="Default suite" duration-ms="6915" started-at="2019-07-27T05:50:40Z" finished-at="2019-07-27T05:50:47Z">
    <groups>
    </groups>
    <test name="Default test" duration-ms="6915" started-at="2019-07-27T05:50:40Z" finished-at="2019-07-27T05:50:47Z">
      <class name="TestCases.TC_001">
        <test-method status="PASS" signature="setup()[pri:0, instance:TestCases.TC_001@46daef40]" name="setup" duration-ms="6884" started-at="2019-07-27T05:50:40Z" finished-at="2019-07-27T05:50:47Z">
          <reporter-output>
          </reporter-output>
        </test-method> <!-- setup -->
      </class> <!-- TestCases.TC_001 -->
    </test> <!-- Default test -->
  </suite> <!-- Default suite -->
</testng-results>
